<?xml version="1.0" encoding="UTF-8"?>
<Site BuildName="(empty)"
	BuildStamp="20250511-1848-Experimental"
	Name="(empty)"
	Generator="ctest-3.28.3"
	CompilerName=""
	CompilerVersion=""
	OSName="Linux"
	Hostname="synol-ubuntu"
	OSRelease="6.11.0-25-generic"
	OSVersion="#25~24.04.1-Ubuntu SMP PREEMPT_DYNAMIC Tue Apr 15 17:20:50 UTC 2"
	OSPlatform="x86_64"
	Is64Bits="1"
	VendorString="GenuineIntel"
	VendorID="Intel Corporation"
	FamilyID="6"
	ModelID="158"
	ProcessorCacheSize="9216"
	NumberOfLogicalCPU="6"
	NumberOfPhysicalCPU="6"
	TotalVirtualMemory="8191"
	TotalPhysicalMemory="48092"
	LogicalProcessorsPerPhysical="1"
	ProcessorClockFrequency="4388.56"
	>
	<Testing>
		<StartDateTime>May 11 20:49 CEST</StartDateTime>
		<StartTestTime>1746989354</StartTestTime>
		<TestList/>
		<EndDateTime>May 11 20:49 CEST</EndDateTime>
		<EndTestTime>1746989354</EndTestTime>
		<ElapsedMinutes>0</ElapsedMinutes>
	</Testing>
</Site>
